[0m00:15:49.778993 [debug] [MainThread]: Sending event: {'category': 'dbt', 'action': 'invocation', 'label': 'start', 'context': [<snowplow_tracker.self_describing_json.SelfDescribingJson object at 0x7444bdedc590>, <snowplow_tracker.self_describing_json.SelfDescribingJson object at 0x7444be0675c0>, <snowplow_tracker.self_describing_json.SelfDescribingJson object at 0x7444be0b0410>]}


============================== 00:15:49.788037 | 2fa9a7f4-2e26-411d-9e58-3bb006d8f754 ==============================
[0m00:15:49.788037 [info ] [MainThread]: Running with dbt=1.7.19
[0m00:15:49.788858 [debug] [MainThread]: running dbt with arguments {'printer_width': '80', 'indirect_selection': 'eager', 'write_json': 'True', 'log_cache_events': 'False', 'partial_parse': 'True', 'cache_selected_only': 'False', 'profiles_dir': '/home/codespace/.dbt', 'version_check': 'True', 'warn_error': 'None', 'log_path': 'logs', 'debug': 'False', 'fail_fast': 'False', 'use_colors': 'True', 'use_experimental_parser': 'False', 'no_print': 'None', 'quiet': 'False', 'warn_error_options': 'WarnErrorOptions(include=[], exclude=[])', 'static_parser': 'True', 'invocation_command': 'dbt init laboratorio_dbt', 'introspect': 'True', 'target_path': 'None', 'log_format': 'default', 'send_anonymous_usage_stats': 'True'}
[0m00:15:49.789514 [warn ] [MainThread]: [ConfigFolderDirectory]: Unable to parse dict {'dir': PosixPath('/home/codespace/.dbt')}
[0m00:15:49.790105 [info ] [MainThread]: Creating dbt configuration folder at 
[0m00:15:49.791295 [debug] [MainThread]: Starter project path: /home/codespace/.local/lib/python3.12/site-packages/dbt/include/starter_project
[0m00:15:49.796395 [info ] [MainThread]: 
Your new dbt project "laboratorio_dbt" was created!

For more information on how to configure the profiles.yml file,
please consult the dbt documentation here:

  https://docs.getdbt.com/docs/configure-your-profile

One more thing:

Need help? Don't hesitate to reach out to us via GitHub issues or on Slack:

  https://community.getdbt.com/

Happy modeling!

[0m00:15:49.797170 [info ] [MainThread]: Setting up your profile.
[0m00:18:40.800277 [info ] [MainThread]: Profile laboratorio_dbt written to /home/codespace/.dbt/profiles.yml using target's profile_template.yml and your supplied values. Run 'dbt debug' to validate the connection.
[0m00:18:40.803833 [debug] [MainThread]: Resource report: {"command_name": "init", "command_success": true, "command_wall_clock_time": 171.0909, "process_user_time": 2.602132, "process_kernel_time": 0.511547, "process_mem_max_rss": "205884", "process_in_blocks": "169032", "process_out_blocks": "80"}
[0m00:18:40.804976 [debug] [MainThread]: Command `python -m dbt.cli.main init` succeeded at 00:18:40.804765 after 171.09 seconds
[0m00:18:40.805690 [debug] [MainThread]: Sending event: {'category': 'dbt', 'action': 'invocation', 'label': 'end', 'context': [<snowplow_tracker.self_describing_json.SelfDescribingJson object at 0x7444bdf65610>, <snowplow_tracker.self_describing_json.SelfDescribingJson object at 0x7444ad9474a0>, <snowplow_tracker.self_describing_json.SelfDescribingJson object at 0x7444a69a08f0>]}
[0m00:18:40.806381 [debug] [MainThread]: Flushing usage events
